[11:19:10] [User Authenticator #213/INFO]: UUID of player Imo is d2d415e2-4f96-311d-9869-5a8d1dddb45a
[11:19:11] [Server thread/INFO]: Imo[/178.164.236.75:50010] logged in with entity id 158917 at ([world]850.2163886592642, 124.0, 607.4939371357741)
[11:19:44] [Server thread/WARN]: Can't keep up! Is the server overloaded? Running 30176ms or 603 ticks behind
[11:19:45] [Server thread/INFO]: Imo lost connection: Disconnected
[11:19:45] [Server thread/INFO]: Imo left the game
[11:19:50] [User Authenticator #214/INFO]: UUID of player Imo is d2d415e2-4f96-311d-9869-5a8d1dddb45a
[11:19:51] [Server thread/INFO]: Imo[/178.164.236.75:42681] logged in with entity id 159096 at ([world]850.2163886592642, 124.0, 607.4939371357741)
[11:22:37] [Server thread/WARN]: Horse moved wrongly!
[11:23:19] [Server thread/WARN]: Horse moved wrongly!
[11:27:28] [Server thread/WARN]: Horse (vehicle of Imo) moved too quickly! -12.663319322319353,2.4489423104376016,15.857435066664152
[11:27:28] [Server thread/WARN]: Horse (vehicle of Imo) moved too quickly! -12.978039964471122,3.4489423104376016,16.32678660075908
[11:27:28] [Server thread/WARN]: Horse (vehicle of Imo) moved too quickly! -13.292759887508282,3.4489423104376016,16.796138639163132
[11:27:28] [Server thread/WARN]: Horse (vehicle of Imo) moved too quickly! -13.607479425761426,4.448942310437602,17.265490947413014
[11:27:28] [Server thread/WARN]: Horse (vehicle of Imo) moved too quickly! -13.92219875812441,4.448942310437602,17.734843400052
[11:27:28] [Server thread/WARN]: Horse (vehicle of Imo) moved too quickly! -14.243132835574784,5.448942310437602,18.199897797267
[11:27:28] [Server thread/WARN]: Horse (vehicle of Imo) moved too quickly! -14.587378138569193,5.448942310437602,18.646886573192887
[11:27:28] [Server thread/WARN]: Horse (vehicle of Imo) moved too quickly! -14.968478753037743,5.448942310437602,19.060001540451367
[11:27:28] [Server thread/WARN]: Horse (vehicle of Imo) moved too quickly! -15.38993382813669,5.448942310437602,19.428372952152017
[11:27:28] [Server thread/WARN]: Horse (vehicle of Imo) moved too quickly! -15.843867429302577,5.448942310437602,19.755285563542657
[11:27:28] [Server thread/WARN]: Horse (vehicle of Imo) moved too quickly! -16.327775487055646,5.448942310437602,20.034786306707247
[11:27:28] [Server thread/WARN]: Horse (vehicle of Imo) moved too quickly! -16.835845932893562,5.448942310437602,20.267734242704023
[11:27:28] [Server thread/WARN]: Horse (vehicle of Imo) moved too quickly! -17.361587496796005,5.448942310437602,20.459973213751255
[11:27:28] [Server thread/WARN]: Horse (vehicle of Imo) moved too quickly! -17.89997344463825,5.448942310437602,20.617053063511207
[11:27:28] [Server thread/WARN]: Horse (vehicle of Imo) moved too quickly! -18.447281874186274,5.448942310437602,20.74383413788553
[11:27:28] [Server thread/WARN]: Horse (vehicle of Imo) moved too quickly! -18.999478329572753,5.448942310437602,20.85370689689705
[11:27:28] [Server thread/WARN]: Horse (vehicle of Imo) moved too quickly! -19.554290270128604,5.448942310437602,20.954532353473382
[11:27:28] [Server thread/WARN]: Horse (vehicle of Imo) moved too quickly! -20.11050170465137,5.448942310437602,21.050516778900487
[11:27:28] [Server thread/WARN]: Horse (vehicle of Imo) moved too quickly! -20.66756992317744,5.448942310437602,21.143239390486997
[11:27:28] [Server thread/WARN]: Horse (vehicle of Imo) moved too quickly! -21.227837704402987,5.448942310437602,21.209617649677284
[11:27:28] [Server thread/WARN]: Horse (vehicle of Imo) moved too quickly! -21.790324633310433,5.448942310437602,21.241281608450436
[11:27:28] [Server thread/WARN]: Horse (vehicle of Imo) moved too quickly! -22.35239295084557,5.448942310437602,21.228965600741617
[11:27:28] [Server thread/WARN]: Horse (vehicle of Imo) moved too quickly! -22.91018539472975,5.448942310437602,21.168011070244916
[11:27:28] [Server thread/WARN]: Horse (vehicle of Imo) moved too quickly! -23.46063357288142,5.448942310437602,21.061036262705898
[11:27:28] [Server thread/WARN]: Horse (vehicle of Imo) moved too quickly! -24.00447569758842,5.448942310437602,20.920905292734233
[11:27:28] [Server thread/WARN]: Horse (vehicle of Imo) moved too quickly! -24.544783054807567,5.448942310437602,20.763033121307444
[11:27:45] [Server thread/WARN]: Horse moved wrongly!
[11:28:00] [Server thread/INFO]: Imo issued server command: /time set 0
[11:28:00] [Server thread/INFO]: [Imo: Set the time to 0]
[11:35:55] [Server thread/INFO]: Imo lost connection: Disconnected
[11:35:55] [Server thread/INFO]: Imo left the game
[11:37:25] [User Authenticator #215/INFO]: UUID of player Imo is d2d415e2-4f96-311d-9869-5a8d1dddb45a
[11:37:27] [Server thread/INFO]: Imo[/178.164.236.75:51996] logged in with entity id 161700 at ([world]283.6363758357035, 98.0, 273.6359972582992)
[11:38:56] [Server thread/INFO]: Imo issued server command: /time set 0
[11:38:56] [Server thread/INFO]: [Imo: Set the time to 0]
[11:40:21] [Server thread/INFO]: Imo lost connection: Disconnected
[11:40:21] [Server thread/INFO]: Imo left the game
[11:40:56] [User Authenticator #216/INFO]: UUID of player Imo is d2d415e2-4f96-311d-9869-5a8d1dddb45a
[11:40:57] [Server thread/INFO]: Imo[/178.164.236.75:41614] logged in with entity id 162191 at ([world]489.74020407956243, 81.0, 264.4250870411547)
[11:41:56] [Server thread/INFO]: Imo lost connection: Disconnected
[11:41:56] [Server thread/INFO]: Imo left the game
[11:41:57] [User Authenticator #217/INFO]: UUID of player Imo is d2d415e2-4f96-311d-9869-5a8d1dddb45a
[11:41:57] [Server thread/WARN]: Can't keep up! Is the server overloaded? Running 42102ms or 842 ticks behind
[11:41:57] [Server thread/INFO]: Imo[/178.164.236.75:47558] logged in with entity id 162393 at ([world]489.74020407956243, 81.0, 264.4250870411547)
[11:42:12] [Server thread/INFO]: Imo issued server command: /give imo wheat 10
[11:42:12] [Server thread/INFO]: [Imo: Gave 10 [Wheat] to Imo]
[11:42:45] [Server thread/INFO]: Imo issued server command: /give imo saddle
[11:42:45] [Server thread/INFO]: [Imo: Gave 1 [Saddle] to Imo]
[11:43:40] [Server thread/INFO]: Imo lost connection: Disconnected
[11:43:40] [Server thread/INFO]: Imo left the game
[11:46:03] [User Authenticator #218/INFO]: UUID of player Imo is d2d415e2-4f96-311d-9869-5a8d1dddb45a
[11:46:03] [Server thread/INFO]: Imo[/178.164.236.75:42854] logged in with entity id 162468 at ([world]486.8503213402617, 79.0, 275.52692733425647)
[11:47:21] [Server thread/INFO]: Imo lost connection: Disconnected
[11:47:21] [Server thread/INFO]: Imo left the game
[11:47:59] [User Authenticator #219/INFO]: UUID of player Imo is d2d415e2-4f96-311d-9869-5a8d1dddb45a
[11:47:59] [Server thread/INFO]: Imo[/178.164.236.75:41257] logged in with entity id 162722 at ([world]464.4104693264103, 75.0, 270.32075223290246)
[11:48:16] [Server thread/INFO]: Imo issued server command: /give imo lead
[11:48:16] [Server thread/INFO]: [Imo: Gave 1 [Lead] to Imo]
[11:51:18] [Server thread/INFO]: Imo issued server command: /time set 0
[11:51:18] [Server thread/INFO]: [Imo: Set the time to 0]
[11:52:14] [Server thread/INFO]: Imo issued server command: /give imo wheat 30
[11:52:14] [Server thread/INFO]: [Imo: Gave 30 [Wheat] to Imo]
[11:58:41] [Server thread/INFO]: Imo lost connection: Disconnected
[11:58:41] [Server thread/INFO]: Imo left the game
[11:58:43] [User Authenticator #220/INFO]: UUID of player Imo is d2d415e2-4f96-311d-9869-5a8d1dddb45a
[11:58:44] [Server thread/INFO]: Imo[/178.164.236.75:41784] logged in with entity id 163981 at ([world]181.45083718914393, 64.9375, 286.5493235023149)
[12:13:17] [Server thread/INFO]: Imo issued server command: /give imo minecraft:saddle
[12:13:17] [Server thread/INFO]: [Imo: Gave 1 [Saddle] to Imo]
[12:20:27] [Server thread/INFO]: Imo issued server command: /time set 0
[12:20:27] [Server thread/INFO]: [Imo: Set the time to 0]
[12:22:04] [Server thread/WARN]: Can't keep up! Is the server overloaded? Running 58287ms or 1165 ticks behind
[12:22:04] [User Authenticator #221/INFO]: UUID of player Imo is d2d415e2-4f96-311d-9869-5a8d1dddb45a
[12:22:04] [Server thread/INFO]: Imo lost connection: Disconnected
[12:22:04] [Server thread/INFO]: Imo left the game
[12:22:09] [Server thread/INFO]: Imo[/178.164.236.75:49908] logged in with entity id 166736 at ([world]125.53854951916743, 65.525, -515.3840452492361)
[12:22:09] [Server thread/WARN]: Donkey moved wrongly!
[12:22:09] [Server thread/WARN]: Donkey moved wrongly!
[12:24:09] [Server thread/WARN]: Donkey (vehicle of Imo) moved too quickly! -14.293936264603332,4.0,13.959275405611663
[12:24:09] [Server thread/WARN]: Donkey (vehicle of Imo) moved too quickly! -14.4248181859314,4.0,14.278521769453107
[12:24:09] [Server thread/WARN]: Donkey (vehicle of Imo) moved too quickly! -14.580111140853973,4.0,14.598148946064782
[12:24:09] [Server thread/WARN]: Donkey (vehicle of Imo) moved too quickly! -14.74963315933536,4.0,14.917305008355243
[12:24:09] [Server thread/WARN]: Donkey (vehicle of Imo) moved too quickly! -14.933270806624193,4.0,15.232218926098426
[12:24:09] [Server thread/WARN]: Donkey (vehicle of Imo) moved too quickly! -15.139374035634944,4.0,15.534073264803112
[12:24:09] [Server thread/WARN]: Donkey (vehicle of Imo) moved too quickly! -15.36264288906068,4.0,15.824609499329654
[12:24:09] [Server thread/WARN]: Donkey (vehicle of Imo) moved too quickly! -15.617825299570654,4.0,16.084919534098617
[12:24:09] [Server thread/WARN]: Donkey (vehicle of Imo) moved too quickly! -15.754368319646147,3.9231679985046384,16.224206243681294
[12:24:09] [Server thread/WARN]: Donkey (vehicle of Imo) moved too quickly! -15.827429767314442,3.772546541336993,16.298735784901623
[12:24:09] [Server thread/WARN]: Donkey (vehicle of Imo) moved too quickly! -15.892585968222818,3.5510576895623984,16.365201231677418
[12:24:09] [Server thread/WARN]: Donkey (vehicle of Imo) moved too quickly! -15.950692269867517,3.261507790682643,16.42447511882034
[12:24:09] [Server thread/WARN]: Donkey (vehicle of Imo) moved too quickly! -16.00251147116768,3.0,16.4773355728978
[12:24:09] [Server thread/WARN]: Donkey (vehicle of Imo) moved too quickly! -16.048723836218983,3.0,16.524476527202694
[12:24:09] [Server thread/WARN]: Donkey (vehicle of Imo) moved too quickly! -16.073451151382784,3.0,16.549700711962032
[12:26:25] [Server thread/WARN]: Donkey moved wrongly!
[12:32:03] [Server thread/INFO]: Imo issued server command: /time set 0
[12:32:03] [Server thread/INFO]: [Imo: Set the time to 0]
[12:35:08] [Server thread/INFO]: Imo lost connection: Disconnected
[12:35:08] [Server thread/INFO]: Imo left the game
[12:54:17] [User Authenticator #222/INFO]: UUID of player Imo is d2d415e2-4f96-311d-9869-5a8d1dddb45a
[12:54:17] [Server thread/INFO]: Imo[/178.164.236.75:49445] logged in with entity id 168174 at ([world]210.43443181260696, 73.0, -565.3047892407645)
[13:02:39] [Server thread/INFO]: Imo lost connection: Disconnected
[13:02:39] [Server thread/INFO]: Imo left the game
[13:06:34] [User Authenticator #223/INFO]: UUID of player Imo is d2d415e2-4f96-311d-9869-5a8d1dddb45a
[13:06:34] [Server thread/INFO]: Imo[/178.164.236.75:52531] logged in with entity id 169037 at ([world]127.70094854332808, 71.0, -555.4767248311581)
[13:06:41] [Server thread/INFO]: Imo issued server command: /time set 0
[13:06:41] [Server thread/INFO]: [Imo: Set the time to 0]
[13:09:08] [Server thread/WARN]: Imo moved wrongly!
[13:21:57] [Server thread/INFO]: Imo lost connection: Disconnected
[13:21:57] [Server thread/INFO]: Imo left the game
[14:34:26] [User Authenticator #224/INFO]: UUID of player Imo is d2d415e2-4f96-311d-9869-5a8d1dddb45a
[14:34:26] [Server thread/INFO]: Imo[/178.164.236.75:49022] logged in with entity id 170025 at ([world]197.91389848513052, 63.0, -573.8780796257005)
[14:38:09] [Server thread/INFO]: Imo lost connection: Disconnected
[14:38:09] [Server thread/INFO]: Imo left the game
[14:52:39] [User Authenticator #225/INFO]: UUID of player Imo is d2d415e2-4f96-311d-9869-5a8d1dddb45a
[14:52:39] [Server thread/INFO]: Imo[/178.164.236.75:42900] logged in with entity id 170489 at ([world]198.44409518559868, 63.0, -574.6999999880791)
[14:53:00] [Server thread/INFO]: Imo lost connection: Disconnected
[14:53:00] [Server thread/INFO]: Imo left the game
